<?xml version="1.0" encoding="UTF-8"?>
<!-- Generated by org.testng.reporters.JUnitReportReporter -->
<testsuite skipped="0" hostname="DESKTOP-LO69SAC" name="LivBIMTest.CreateAccountTest" tests="1" failures="0" timestamp="28 Jul 2019 08:11:18 GMT" time="35.544" errors="0">
  <testcase name="CreateUser" time="35.544" classname="LivBIMTest.CreateAccountTest"/>
</testsuite> <!-- LivBIMTest.CreateAccountTest -->
