<?xml version="1.0" encoding="UTF-8"?>
<!-- Generated by org.testng.reporters.JUnitReportReporter -->
<testsuite skipped="0" hostname="DESKTOP-LO69SAC" name="Tests.TestCode" tests="2" failures="0" timestamp="10 Apr 2021 12:33:17 GMT" time="39.787" errors="0">
  <testcase name="printPartners" time="0.598" classname="Tests.TestCode"/>
  <testcase name="openPartnersPage" time="39.189" classname="Tests.TestCode"/>
</testsuite> <!-- Tests.TestCode -->
