<?xml version="1.0" encoding="UTF-8"?>
<!-- Generated by org.testng.reporters.JUnitReportReporter -->
<testsuite skipped="0" hostname="DESKTOP-LO69SAC" name="WalletHubTest.CreateAccountTest" tests="2" failures="0" timestamp="21 Jun 2019 21:27:40 GMT" time="178.294" errors="0">
  <testcase name="LoginWalletHub" time="99.126" classname="WalletHubTest.CreateAccountTest"/>
  <testcase name="VerifyReviewPosted" time="79.168" classname="WalletHubTest.CreateAccountTest"/>
</testsuite> <!-- WalletHubTest.CreateAccountTest -->
