<?xml version="1.0" encoding="UTF-8"?>
<!-- Generated by org.testng.reporters.JUnitReportReporter -->
<testsuite skipped="0" hostname="DESKTOP-LO69SAC" name="LivBIMTest.LoginTest" tests="1" failures="0" timestamp="30 Jul 2019 01:59:16 GMT" time="52.532" errors="0">
  <testcase name="CreateUser" time="52.532" classname="LivBIMTest.LoginTest"/>
</testsuite> <!-- LivBIMTest.LoginTest -->
